<?xml version="1.0" encoding="UTF-8"?>
<!-- Generated by org.testng.reporters.JUnitReportReporter -->
<testsuite hostname="DESKTOP-QHEU55U" failures="0" tests="1" name="LetCode.Buttons" time="0.986" errors="0" timestamp="2021-02-09T21:12:20 IST" skipped="0">
  <testcase classname="LetCode.Buttons" name="test2" time="0.986"/>
  <system-out/>
</testsuite> <!-- LetCode.Buttons -->
